<?xml version="1.0" encoding="UTF-8"?>
<testng-results ignored="0" total="1" passed="1" failed="0" skipped="0">
  <reporter-output>
  </reporter-output>
  <suite started-at="2022-04-22T11:44:23 IST" name="Default suite" finished-at="2022-04-22T11:45:16 IST" duration-ms="53137">
    <groups>
    </groups>
    <test started-at="2022-04-22T11:44:23 IST" name="Default test" finished-at="2022-04-22T11:45:16 IST" duration-ms="53137">
      <class name="com.vandvtechsolution.hybridframework01.testCase.LoginTC001">
        <test-method is-config="true" signature="init()[pri:0, instance:com.vandvtechsolution.hybridframework01.testCase.LoginTC001@71a8adcf]" started-at="2022-04-22T11:44:23 IST" name="init" finished-at="2022-04-22T11:44:23 IST" duration-ms="15" status="PASS">
          <reporter-output>
          </reporter-output>
        </test-method> <!-- init -->
        <test-method is-config="true" signature="setUp(java.lang.String)[pri:0, instance:com.vandvtechsolution.hybridframework01.testCase.LoginTC001@71a8adcf]" started-at="2022-04-22T11:44:23 IST" name="setUp" finished-at="2022-04-22T11:45:06 IST" duration-ms="43264" status="PASS">
          <params>
            <param index="0">
              <value>
                <![CDATA[Chrome]]>
              </value>
            </param>
          </params>
          <reporter-output>
          </reporter-output>
        </test-method> <!-- setUp -->
        <test-method signature="verifyLOginFunctionality()[pri:0, instance:com.vandvtechsolution.hybridframework01.testCase.LoginTC001@71a8adcf]" started-at="2022-04-22T11:45:07 IST" name="verifyLOginFunctionality" finished-at="2022-04-22T11:45:15 IST" duration-ms="8031" status="PASS">
          <reporter-output>
          </reporter-output>
        </test-method> <!-- verifyLOginFunctionality -->
        <test-method is-config="true" signature="tearDown()[pri:0, instance:com.vandvtechsolution.hybridframework01.testCase.LoginTC001@71a8adcf]" started-at="2022-04-22T11:45:15 IST" name="tearDown" finished-at="2022-04-22T11:45:16 IST" duration-ms="1708" status="PASS">
          <reporter-output>
          </reporter-output>
        </test-method> <!-- tearDown -->
      </class> <!-- com.vandvtechsolution.hybridframework01.testCase.LoginTC001 -->
    </test> <!-- Default test -->
  </suite> <!-- Default suite -->
</testng-results>
